2018-06-14 17:35:41.455 (DEBUG): pcorecc: /tmp/ctc_pcoreap.pem doesn't exist, use default pem
2018-06-14 17:35:41.456 (DEBUG): pcorecc: pcore unix server fd: 6
2018-06-14 17:37:21.520 (DEBUG): pcorecc: New pcore clinet come in  fd: 7
2018-06-14 17:37:21.520 (DEBUG): pcorecc: close pcore unix server fd: 6
2018-06-14 17:37:21.692 (DEBUG): pcorecc: (server) <- {"type":"keyngreq","sequence":92,"mac":"C83A35D495E8","keymodelist":[{"keymode":"dh"}],"version":"V2017.1.0"} (112)
2018-06-14 17:37:21.692 (DEBUG): pcorecc: (local) -> {"type":"keyngack","sequence":92,"mac":"C83A35D495E8","keymode":"dh"} (69)
2018-06-14 17:37:22.011 (DEBUG): pcorecc: (server) <- {"type":"dh","sequence":93,"mac":"C83A35D495E8","data":{"dh_key":"dWnMjwtSDz20UsixXTQfFA==","dh_p":"t1974ljYI1FO1UBiaB+J5w==","dh_g":"BQ=="}} (144)
client public key is: 7569CC8F0B520F3DB452C8B15D341F14 (16)
server shared key is: 69C4A62EB3991AB164F0928114FF4D9A (16)
2018-06-14 17:37:22.011 (DEBUG): pcorecc: (local) -> {"type":"dh","sequence":93,"mac":"C83A35D495E8","data":{"dh_key":"t0a5j+tC7RWlsVTYiMhYdQ==","dh_p":"t1974ljYI1FO1UBiaB+J5w==","dh_g":"BQ=="}} (141)
2018-06-14 17:37:22.245 (DEBUG): pcorecc: (server) <- {"type":"dev_reg","sequence":94,"mac":"C83A35D495E8","data":{"vendor":"Tenda","model":"MW6","swversion":"V1.0.0.14_multi","hdversion":"1.0.0.15","url":"www.tenda.cn.com","wireless":"yes","sn":"99240070018985796C4000C83A35D495E8","ipaddr":"172.100.0.112"}} (256)
2018-06-14 17:37:22.245 (DEBUG): pcorecc: (local) -> {"type":"ack","sequence":94,"mac":"C83A35D495E8"} (49)
2018-06-14 17:37:22.245 (DEBUG): pcorecc: _get_server_addr: bss apbss1.189cube.com:8088, abi: (null):0, retry 0
2018-06-14 17:37:22.245 (DEBUG): pcorecc: current server apbss1.189cube.com:8088
2018-06-14 17:37:32.319 (INFO): pcorecc: (remote) -> {"RPCMethod":"Boot","DevType":"E-Link AP","Vendor":"Tenda","Model":"MW6","MAC":"C83A35D495E8","FirmwareVer":"V1.0.0.14_multi","HardwareVer":"1.0.0.15","bootstrap":"1","CKey":"MdzmA1qAw886bsnU"} (193)
{"type":"deassociation","sequence":150,"mac":"C83A35D495E8","set":{"mac":["6CB749ED32C0"]}}
2018-06-14 17:37:32.451 (DEBUG): pcorecc: (server) <- {"type":"keepalive","sequence":95,"mac":"C83A35D495E8"} (64)
{"type":"deassociation","sequence":150,"mac":"C83A35D495E8","set":{"mac":["6CB749ED32C0"]}}
2018-06-14 17:37:32.451 (DEBUG): pcorecc: (server) <- {"type":"ack","sequence":150,"mac":"C83A35D495E8"} (64)
2018-06-14 17:37:32.690 (DEBUG): pcorecc: (server) <- {"type":"ack","sequence":150,"mac":"C83A35D495E8"} (64)
2018-06-14 17:37:32.690 (DEBUG): pcorecc: (server) <- {"type":"dev_report","sequence":96,"mac":"C83A35D495E8","dev":[{"mac":"00E04C68C3BE","vmac":"00E04C68C3BE","connecttype":0}]} (128)
2018-06-14 17:37:32.690 (DEBUG): pcorecc: (local) -> {"type":"ack","sequence":96,"mac":"C83A35D495E8"} (49)
2018-06-14 17:37:32.690 (WARN): pcorecc: ap server not connected, ignore this dev_report msg
{"type":"deassociation","sequence":150,"mac":"C83A35D495E8","set":{"mac":["6CB749ED32C0"]}}
2018-06-14 17:37:32.859 (DEBUG): pcorecc: (server) <- {"type":"ack","sequence":150,"mac":"C83A35D495E8"} (64)
2018-06-14 17:37:33.541 (INFO): pcorecc: (remote) <- {"Result":0,"Ack":"Boot","DevType":"","BizPlat":[{"ServerAddr":"apharbor1.189cube.com","ServerPort":8085}]} (107)
2018-06-14 17:37:33.542 (DEBUG): pcorecc: (local) -> {"type":"cfg","mac":"C83A35D495E8","sequence":1,"set":{"ctrlcommand":"save"}} (77)
2018-06-14 17:37:33.542 (DEBUG): pcorecc: reconnect server
2018-06-14 17:37:33.641 (DEBUG): pcorecc: _remote_disconnect_cb: close tcp fd 6
2018-06-14 17:37:33.741 (DEBUG): pcorecc: _remote_connect_cb: 3014
2018-06-14 17:37:33.741 (DEBUG): pcorecc: _get_server_addr: bss apbss1.189cube.com:8088, abi: apharbor1.189cube.com:8085, retry 0
2018-06-14 17:37:33.741 (DEBUG): pcorecc: current server apharbor1.189cube.com:8085
2018-06-14 17:37:38.822 (INFO): pcorecc: (remote) -> {"RPCMethod":"GetChallengeCode","MAC":"C83A35D495E8"} (53)
2018-06-14 17:37:38.997 (INFO): pcorecc: (remote) <- {"Result":0,"Ack":"GetChallengeCode","ChallengeCode":"VJD3DVtf5Wfkf308WWshHDxgjjUT9Ll2"} (88)
2018-06-14 17:37:38.997 (INFO): pcorecc: (remote) -> {"RPCMethod":"Activate","CKey":"fSGiv0ptQoj8hBf5","Vendor":"Tenda","Model":"MW6","FirmwareVer":"V1.0.0.14_multi","HardwareVer":"1.0.0.15","MAC":"C83A35D495E8","IPAddr":"172.100.0.112","SN":"99240070018985796C4000C83A35D495E8","ChallengeCode":"VJD3DVtf5Wfkf308WWshHDxgjjUT9Ll2","LOID":"","PlatformID":"","CloudClientVer":"1.0.122","MiddleWareVer":"","MiddleWareBakVer":""} (371)
2018-06-14 17:37:39.132 (INFO): pcorecc: (remote) <- {"Result":-2,"Ack":"Activate","ID":"8acf1896-6fb6-11e8-9562-fa163ec13817"} (74)
2018-06-14 17:37:39.132 (DEBUG): pcorecc: reconnect the server after 150 minutes
2018-06-14 17:37:39.232 (DEBUG): pcorecc: _remote_disconnect_cb: close tcp fd 6
2018-06-14 17:37:40.355 (DEBUG): pcorecc: (server) <- {"type":"keepalive","sequence":97,"mac":"C83A35D495E8"} (64)
{"type":"deassociation","sequence":150,"mac":"C83A35D495E8","set":{"mac":["6CB749ED32C0"]}}
2018-06-14 17:37:40.489 (DEBUG): pcorecc: (server) <- {"type":"ack","sequence":150,"mac":"C83A35D495E8"} (64)
2018-06-14 17:37:48.465 (DEBUG): pcorecc: (server) <- {"type":"keepalive","sequence":98,"mac":"C83A35D495E8"} (64)
{"type":"deassociation","sequence":150,"mac":"C83A35D495E8","set":{"mac":["6CB749ED32C0"]}}
2018-06-14 17:37:48.637 (DEBUG): pcorecc: (server) <- {"type":"ack","sequence":150,"mac":"C83A35D495E8"} (64)
2018-06-14 17:37:56.612 (DEBUG): pcorecc: (server) <- {"type":"keepalive","sequence":99,"mac":"C83A35D495E8"} (64)
{"type":"deassociation","sequence":150,"mac":"C83A35D495E8","set":{"mac":["6CB749ED32C0"]}}
2018-06-14 17:37:56.805 (DEBUG): pcorecc: (server) <- {"type":"ack","sequence":150,"mac":"C83A35D495E8"} (64)
2018-06-14 17:38:04.726 (DEBUG): pcorecc: (server) <- {"type":"keepalive","sequence":100,"mac":"C83A35D495E8"} (64)
{"type":"deassociation","sequence":150,"mac":"C83A35D495E8","set":{"mac":["6CB749ED32C0"]}}
2018-06-14 17:38:04.861 (DEBUG): pcorecc: (server) <- {"type":"ack","sequence":150,"mac":"C83A35D495E8"} (64)
2018-06-14 17:38:12.846 (DEBUG): pcorecc: (server) <- {"type":"keepalive","sequence":101,"mac":"C83A35D495E8"} (64)
{"type":"deassociation","sequence":150,"mac":"C83A35D495E8","set":{"mac":["6CB749ED32C0"]}}
2018-06-14 17:38:13.017 (DEBUG): pcorecc: (server) <- {"type":"ack","sequence":150,"mac":"C83A35D495E8"} (64)
2018-06-14 17:38:20.966 (DEBUG): pcorecc: (server) <- {"type":"keepalive","sequence":102,"mac":"C83A35D495E8"} (64)
{"type":"deassociation","sequence":150,"mac":"C83A35D495E8","set":{"mac":["6CB749ED32C0"]}}
2018-06-14 17:38:21.141 (DEBUG): pcorecc: (server) <- {"type":"ack","sequence":150,"mac":"C83A35D495E8"} (64)
2018-06-14 17:38:29.087 (DEBUG): pcorecc: (server) <- {"type":"keepalive","sequence":103,"mac":"C83A35D495E8"} (64)
{"type":"deassociation","sequence":150,"mac":"C83A35D495E8","set":{"mac":["6CB749ED32C0"]}}
2018-06-14 17:38:29.270 (DEBUG): pcorecc: (server) <- {"type":"ack","sequence":150,"mac":"C83A35D495E8"} (64)
2018-06-14 17:38:37.206 (DEBUG): pcorecc: (server) <- {"type":"keepalive","sequence":104,"mac":"C83A35D495E8"} (64)
2018-06-14 17:38:45.327 (DEBUG): pcorecc: (server) <- {"type":"keepalive","sequence":105,"mac":"C83A35D495E8"} (64)
2018-06-14 17:38:53.455 (DEBUG): pcorecc: (server) <- {"type":"keepalive","sequence":106,"mac":"C83A35D495E8"} (64)
2018-06-14 17:39:01.566 (DEBUG): pcorecc: (server) <- {"type":"keepalive","sequence":107,"mac":"C83A35D495E8"} (64)
2018-06-14 17:39:09.688 (DEBUG): pcorecc: (server) <- {"type":"keepalive","sequence":108,"mac":"C83A35D495E8"} (64)
2018-06-14 17:39:17.807 (DEBUG): pcorecc: (server) <- {"type":"keepalive","sequence":109,"mac":"C83A35D495E8"} (64)
2018-06-14 17:39:25.926 (DEBUG): pcorecc: (server) <- {"type":"keepalive","sequence":110,"mac":"C83A35D495E8"} (64)
2018-06-14 17:39:34.047 (DEBUG): pcorecc: (server) <- {"type":"keepalive","sequence":111,"mac":"C83A35D495E8"} (64)
2018-06-14 17:39:42.167 (DEBUG): pcorecc: (server) <- {"type":"keepalive","sequence":112,"mac":"C83A35D495E8"} (64)
2018-06-14 17:39:50.305 (DEBUG): pcorecc: (server) <- {"type":"keepalive","sequence":113,"mac":"C83A35D495E8"} (64)
2018-06-14 17:39:58.417 (DEBUG): pcorecc: (server) <- {"type":"keepalive","sequence":114,"mac":"C83A35D495E8"} (64)
2018-06-14 17:40:06.537 (DEBUG): pcorecc: (server) <- {"type":"keepalive","sequence":115,"mac":"C83A35D495E8"} (64)
2018-06-14 17:40:14.660 (DEBUG): pcorecc: (server) <- {"type":"keepalive","sequence":116,"mac":"C83A35D495E8"} (64)
2018-06-14 17:40:22.778 (DEBUG): pcorecc: (server) <- {"type":"keepalive","sequence":117,"mac":"C83A35D495E8"} (64)
2018-06-14 17:40:30.899 (DEBUG): pcorecc: (server) <- {"type":"keepalive","sequence":118,"mac":"C83A35D495E8"} (64)
2018-06-14 17:40:39.043 (DEBUG): pcorecc: (server) <- {"type":"keepalive","sequence":119,"mac":"C83A35D495E8"} (64)
2018-06-14 17:40:47.164 (DEBUG): pcorecc: (server) <- {"type":"keepalive","sequence":120,"mac":"C83A35D495E8"} (64)
2018-06-14 17:40:55.283 (DEBUG): pcorecc: (server) <- {"type":"keepalive","sequence":121,"mac":"C83A35D495E8"} (64)
2018-06-14 17:41:03.401 (DEBUG): pcorecc: (server) <- {"type":"keepalive","sequence":122,"mac":"C83A35D495E8"} (64)
2018-06-14 17:41:11.521 (DEBUG): pcorecc: (server) <- {"type":"keepalive","sequence":123,"mac":"C83A35D495E8"} (64)
2018-06-14 17:41:19.638 (DEBUG): pcorecc: (server) <- {"type":"keepalive","sequence":124,"mac":"C83A35D495E8"} (64)
2018-06-14 17:41:27.759 (DEBUG): pcorecc: (server) <- {"type":"keepalive","sequence":125,"mac":"C83A35D495E8"} (64)
2018-06-14 17:41:35.885 (DEBUG): pcorecc: (server) <- {"type":"keepalive","sequence":126,"mac":"C83A35D495E8"} (64)
2018-06-14 17:41:43.998 (DEBUG): pcorecc: (server) <- {"type":"keepalive","sequence":127,"mac":"C83A35D495E8"} (64)
2018-06-14 17:41:52.120 (DEBUG): pcorecc: (server) <- {"type":"keepalive","sequence":128,"mac":"C83A35D495E8"} (64)
2018-06-14 17:42:00.239 (DEBUG): pcorecc: (server) <- {"type":"keepalive","sequence":129,"mac":"C83A35D495E8"} (64)
2018-06-14 17:42:08.359 (DEBUG): pcorecc: (server) <- {"type":"keepalive","sequence":130,"mac":"C83A35D495E8"} (64)
2018-06-14 17:42:16.483 (DEBUG): pcorecc: (server) <- {"type":"keepalive","sequence":131,"mac":"C83A35D495E8"} (64)
2018-06-14 17:42:24.600 (DEBUG): pcorecc: (server) <- {"type":"keepalive","sequence":132,"mac":"C83A35D495E8"} (64)
2018-06-14 17:42:32.735 (DEBUG): pcorecc: (server) <- {"type":"keepalive","sequence":133,"mac":"C83A35D495E8"} (64)
2018-06-14 17:42:40.849 (DEBUG): pcorecc: (server) <- {"type":"keepalive","sequence":134,"mac":"C83A35D495E8"} (64)
2018-06-14 17:42:48.973 (DEBUG): pcorecc: (server) <- {"type":"keepalive","sequence":135,"mac":"C83A35D495E8"} (64)
2018-06-14 17:42:57.090 (DEBUG): pcorecc: (server) <- {"type":"keepalive","sequence":136,"mac":"C83A35D495E8"} (64)
2018-06-14 17:43:05.214 (DEBUG): pcorecc: (server) <- {"type":"keepalive","sequence":137,"mac":"C83A35D495E8"} (64)
2018-06-14 17:43:13.349 (DEBUG): pcorecc: (server) <- {"type":"keepalive","sequence":138,"mac":"C83A35D495E8"} (64)
2018-06-14 17:43:21.469 (DEBUG): pcorecc: (server) <- {"type":"keepalive","sequence":139,"mac":"C83A35D495E8"} (64)
2018-06-14 17:43:29.607 (DEBUG): pcorecc: (server) <- {"type":"keepalive","sequence":140,"mac":"C83A35D495E8"} (64)
2018-06-14 17:43:37.729 (DEBUG): pcorecc: (server) <- {"type":"keepalive","sequence":141,"mac":"C83A35D495E8"} (64)
2018-06-14 17:43:45.840 (DEBUG): pcorecc: (server) <- {"type":"keepalive","sequence":142,"mac":"C83A35D495E8"} (64)
2018-06-14 17:43:53.960 (DEBUG): pcorecc: (server) <- {"type":"keepalive","sequence":143,"mac":"C83A35D495E8"} (64)
2018-06-14 17:44:02.098 (DEBUG): pcorecc: (server) <- {"type":"keepalive","sequence":144,"mac":"C83A35D495E8"} (64)
2018-06-14 17:44:10.210 (DEBUG): pcorecc: (server) <- {"type":"keepalive","sequence":145,"mac":"C83A35D495E8"} (64)
2018-06-14 17:44:18.357 (DEBUG): pcorecc: (server) <- {"type":"keepalive","sequence":146,"mac":"C83A35D495E8"} (64)
2018-06-14 17:44:26.471 (DEBUG): pcorecc: (server) <- {"type":"keepalive","sequence":147,"mac":"C83A35D495E8"} (64)
2018-06-14 17:44:34.601 (DEBUG): pcorecc: (server) <- {"type":"keepalive","sequence":148,"mac":"C83A35D495E8"} (64)
2018-06-14 17:44:42.733 (DEBUG): pcorecc: (server) <- {"type":"keepalive","sequence":149,"mac":"C83A35D495E8"} (64)
2018-06-14 17:44:50.878 (DEBUG): pcorecc: (server) <- {"type":"keepalive","sequence":150,"mac":"C83A35D495E8"} (64)
2018-06-14 17:44:58.990 (DEBUG): pcorecc: (server) <- {"type":"keepalive","sequence":151,"mac":"C83A35D495E8"} (64)
2018-06-14 17:45:07.120 (DEBUG): pcorecc: (server) <- {"type":"keepalive","sequence":152,"mac":"C83A35D495E8"} (64)
2018-06-14 17:45:15.276 (DEBUG): pcorecc: (server) <- {"type":"keepalive","sequence":153,"mac":"C83A35D495E8"} (64)
2018-06-14 17:45:23.390 (DEBUG): pcorecc: (server) <- {"type":"keepalive","sequence":154,"mac":"C83A35D495E8"} (64)
2018-06-14 17:45:31.510 (DEBUG): pcorecc: (server) <- {"type":"keepalive","sequence":155,"mac":"C83A35D495E8"} (64)
2018-06-14 17:45:39.621 (DEBUG): pcorecc: (server) <- {"type":"keepalive","sequence":156,"mac":"C83A35D495E8"} (64)
2018-06-14 17:45:47.742 (DEBUG): pcorecc: (server) <- {"type":"keepalive","sequence":157,"mac":"C83A35D495E8"} (64)
2018-06-14 17:45:55.862 (DEBUG): pcorecc: (server) <- {"type":"keepalive","sequence":158,"mac":"C83A35D495E8"} (64)
2018-06-14 17:46:03.982 (DEBUG): pcorecc: (server) <- {"type":"keepalive","sequence":159,"mac":"C83A35D495E8"} (64)
2018-06-14 17:46:12.112 (DEBUG): pcorecc: (server) <- {"type":"keepalive","sequence":160,"mac":"C83A35D495E8"} (64)
2018-06-14 17:46:20.232 (DEBUG): pcorecc: (server) <- {"type":"keepalive","sequence":161,"mac":"C83A35D495E8"} (64)
2018-06-14 17:46:28.351 (DEBUG): pcorecc: (server) <- {"type":"keepalive","sequence":162,"mac":"C83A35D495E8"} (64)
2018-06-14 17:46:36.482 (DEBUG): pcorecc: (server) <- {"type":"keepalive","sequence":163,"mac":"C83A35D495E8"} (64)
2018-06-14 17:46:44.602 (DEBUG): pcorecc: (server) <- {"type":"keepalive","sequence":164,"mac":"C83A35D495E8"} (64)
2018-06-14 17:46:52.724 (DEBUG): pcorecc: (server) <- {"type":"keepalive","sequence":165,"mac":"C83A35D495E8"} (64)
2018-06-14 17:47:00.843 (DEBUG): pcorecc: (server) <- {"type":"keepalive","sequence":166,"mac":"C83A35D495E8"} (64)
2018-06-14 17:47:08.978 (DEBUG): pcorecc: (server) <- {"type":"keepalive","sequence":167,"mac":"C83A35D495E8"} (64)
2018-06-14 17:47:17.094 (DEBUG): pcorecc: (server) <- {"type":"keepalive","sequence":168,"mac":"C83A35D495E8"} (64)
2018-06-14 17:47:25.213 (DEBUG): pcorecc: (server) <- {"type":"keepalive","sequence":169,"mac":"C83A35D495E8"} (64)
2018-06-14 17:47:33.333 (DEBUG): pcorecc: (server) <- {"type":"keepalive","sequence":170,"mac":"C83A35D495E8"} (64)
2018-06-14 17:47:41.453 (DEBUG): pcorecc: (server) <- {"type":"keepalive","sequence":171,"mac":"C83A35D495E8"} (64)
2018-06-14 17:47:49.573 (DEBUG): pcorecc: (server) <- {"type":"keepalive","sequence":172,"mac":"C83A35D495E8"} (64)
2018-06-14 17:47:57.694 (DEBUG): pcorecc: (server) <- {"type":"keepalive","sequence":173,"mac":"C83A35D495E8"} (64)
2018-06-14 17:48:05.822 (DEBUG): pcorecc: (server) <- {"type":"keepalive","sequence":174,"mac":"C83A35D495E8"} (64)
2018-06-14 17:48:13.944 (DEBUG): pcorecc: (server) <- {"type":"keepalive","sequence":175,"mac":"C83A35D495E8"} (64)
2018-06-14 17:48:22.064 (DEBUG): pcorecc: (server) <- {"type":"keepalive","sequence":176,"mac":"C83A35D495E8"} (64)
2018-06-14 17:48:30.192 (DEBUG): pcorecc: (server) <- {"type":"keepalive","sequence":177,"mac":"C83A35D495E8"} (64)
2018-06-14 17:48:38.304 (DEBUG): pcorecc: (server) <- {"type":"keepalive","sequence":178,"mac":"C83A35D495E8"} (64)
2018-06-14 17:48:46.424 (DEBUG): pcorecc: (server) <- {"type":"keepalive","sequence":179,"mac":"C83A35D495E8"} (64)
2018-06-14 17:48:54.553 (DEBUG): pcorecc: (server) <- {"type":"keepalive","sequence":180,"mac":"C83A35D495E8"} (64)
2018-06-14 17:49:02.666 (DEBUG): pcorecc: (server) <- {"type":"keepalive","sequence":181,"mac":"C83A35D495E8"} (64)
2018-06-14 17:49:10.784 (DEBUG): pcorecc: (server) <- {"type":"keepalive","sequence":182,"mac":"C83A35D495E8"} (64)
2018-06-14 17:49:18.905 (DEBUG): pcorecc: (server) <- {"type":"keepalive","sequence":183,"mac":"C83A35D495E8"} (64)
2018-06-14 17:49:27.039 (DEBUG): pcorecc: (server) <- {"type":"keepalive","sequence":184,"mac":"C83A35D495E8"} (64)
2018-06-14 17:49:35.156 (DEBUG): pcorecc: (server) <- {"type":"keepalive","sequence":185,"mac":"C83A35D495E8"} (64)
2018-06-14 17:49:43.275 (DEBUG): pcorecc: (server) <- {"type":"keepalive","sequence":186,"mac":"C83A35D495E8"} (64)
2018-06-14 17:49:51.411 (DEBUG): pcorecc: (server) <- {"type":"keepalive","sequence":187,"mac":"C83A35D495E8"} (64)
2018-06-14 17:49:59.525 (DEBUG): pcorecc: (server) <- {"type":"keepalive","sequence":188,"mac":"C83A35D495E8"} (64)
2018-06-14 17:50:07.647 (DEBUG): pcorecc: (server) <- {"type":"keepalive","sequence":189,"mac":"C83A35D495E8"} (64)
2018-06-14 17:50:15.776 (DEBUG): pcorecc: (server) <- {"type":"keepalive","sequence":190,"mac":"C83A35D495E8"} (64)
2018-06-14 17:50:23.895 (DEBUG): pcorecc: (server) <- {"type":"keepalive","sequence":191,"mac":"C83A35D495E8"} (64)
2018-06-14 17:50:32.040 (DEBUG): pcorecc: (server) <- {"type":"keepalive","sequence":192,"mac":"C83A35D495E8"} (64)
2018-06-14 17:50:40.155 (DEBUG): pcorecc: (server) <- {"type":"keepalive","sequence":193,"mac":"C83A35D495E8"} (64)
2018-06-14 17:50:48.280 (DEBUG): pcorecc: (server) <- {"type":"keepalive","sequence":194,"mac":"C83A35D495E8"} (64)
2018-06-14 17:50:56.415 (DEBUG): pcorecc: (server) <- {"type":"keepalive","sequence":195,"mac":"C83A35D495E8"} (64)
2018-06-14 17:51:04.536 (DEBUG): pcorecc: (server) <- {"type":"keepalive","sequence":196,"mac":"C83A35D495E8"} (64)
2018-06-14 17:51:12.658 (DEBUG): pcorecc: (server) <- {"type":"keepalive","sequence":197,"mac":"C83A35D495E8"} (64)
2018-06-14 17:51:20.776 (DEBUG): pcorecc: (server) <- {"type":"keepalive","sequence":198,"mac":"C83A35D495E8"} (64)
2018-06-14 17:51:28.896 (DEBUG): pcorecc: (server) <- {"type":"keepalive","sequence":199,"mac":"C83A35D495E8"} (64)
2018-06-14 17:51:37.017 (DEBUG): pcorecc: (server) <- {"type":"keepalive","sequence":200,"mac":"C83A35D495E8"} (64)
2018-06-14 17:51:45.137 (DEBUG): pcorecc: (server) <- {"type":"keepalive","sequence":201,"mac":"C83A35D495E8"} (64)
2018-06-14 17:51:53.273 (DEBUG): pcorecc: (server) <- {"type":"keepalive","sequence":202,"mac":"C83A35D495E8"} (64)
2018-06-14 17:52:01.387 (DEBUG): pcorecc: (server) <- {"type":"keepalive","sequence":203,"mac":"C83A35D495E8"} (64)
2018-06-14 17:52:09.507 (DEBUG): pcorecc: (server) <- {"type":"keepalive","sequence":204,"mac":"C83A35D495E8"} (64)
^C2018-06-14 17:52:15.745 (DEBUG): pcorecc: got sig 2 [Interrupt]